0.006000  0.006000  0.004998  0.001002
0.012000  0.012000  0.010021  0.001979
0.018000  0.017999  0.015068  0.002931
0.024000  0.023998  0.020138  0.003860
0.030000  0.029996  0.025231  0.004764
0.036000  0.035992  0.030347  0.005645
0.042000  0.041988  0.035484  0.006503
0.048000  0.047982  0.040643  0.007339
0.054000  0.053974  0.045822  0.008151
0.060000  0.059964  0.051022  0.008942
0.066000  0.065952  0.056241  0.009711
0.072000  0.071938  0.061480  0.010458
0.078000  0.077921  0.066737  0.011184
0.084000  0.083901  0.072012  0.011889
0.090000  0.089879  0.077305  0.012573
0.096000  0.095853  0.082615  0.013238
0.102000  0.101823  0.087941  0.013882
0.108000  0.107790  0.093284  0.014507
0.114000  0.113753  0.098642  0.015112
0.120000  0.119712  0.104014  0.015698
0.126000  0.125667  0.109402  0.016265
0.132000  0.131617  0.114803  0.016814
0.138000  0.137562  0.120218  0.017344
0.144000  0.143503  0.125646  0.017857
0.150000  0.149438  0.131086  0.018352
0.156000  0.155368  0.136538  0.018830
0.162000  0.161292  0.142002  0.019290
0.168000  0.167211  0.147477  0.019734
0.174000  0.173123  0.152962  0.020161
0.180000  0.179030  0.158458  0.020572
0.186000  0.184929  0.163963  0.020967
0.192000  0.190823  0.169477  0.021346
0.198000  0.196709  0.175000  0.021709
0.204000  0.202588  0.180531  0.022057
0.210000  0.208460  0.186069  0.022391
0.216000  0.214324  0.191615  0.022709
0.222000  0.220181  0.197168  0.023013
0.228000  0.226030  0.202727  0.023303
0.234000  0.231870  0.208291  0.023579
0.240000  0.237703  0.213862  0.023841
0.246000  0.243526  0.219437  0.024090
0.252000  0.249341  0.225016  0.024325
0.258000  0.255147  0.230600  0.024547
0.264000  0.260944  0.236187  0.024757
0.270000  0.266731  0.241778  0.024953
0.276000  0.272509  0.247371  0.025138
0.282000  0.278277  0.252967  0.025310
0.288000  0.284035  0.258564  0.025471
0.294000  0.289783  0.264163  0.025620
0.300000  0.295520  0.269763  0.025757
0.306000  0.301247  0.275364  0.025883
0.312000  0.306963  0.280964  0.025998
0.318000  0.312667  0.286565  0.026103
0.324000  0.318361  0.292165  0.026196
0.330000  0.324043  0.297763  0.026280
0.336000  0.329713  0.303361  0.026353
0.342000  0.335372  0.308956  0.026416
0.348000  0.341018  0.314549  0.026469
0.354000  0.346653  0.320139  0.026513
0.360000  0.352274  0.325727  0.026548
0.366000  0.357883  0.331310  0.026573
0.372000  0.363479  0.336890  0.026589
0.378000  0.369062  0.342466  0.026596
0.384000  0.374632  0.348037  0.026595
0.390000  0.380188  0.353603  0.026585
0.396000  0.385731  0.359164  0.026567
0.402000  0.391260  0.364718  0.026541
0.408000  0.396774  0.370267  0.026508
0.414000  0.402275  0.375809  0.026466
0.420000  0.407760  0.381344  0.026417
0.426000  0.413232  0.386871  0.026360
0.432000  0.418688  0.392391  0.026296
0.438000  0.424129  0.397903  0.026226
0.444000  0.429555  0.403407  0.026148
0.450000  0.434966  0.408902  0.026064
0.456000  0.440360  0.414387  0.025973
0.462000  0.445739  0.419864  0.025876
0.468000  0.451102  0.425330  0.025772
0.474000  0.456449  0.430786  0.025663
0.480000  0.461779  0.436232  0.025547
0.486000  0.467093  0.441666  0.025426
0.492000  0.472390  0.447090  0.025300
0.498000  0.477669  0.452502  0.025167
0.504000  0.482932  0.457902  0.025030
0.510000  0.488177  0.463290  0.024887
0.516000  0.493405  0.468665  0.024740
0.522000  0.498615  0.474027  0.024587
0.528000  0.503807  0.479376  0.024430
0.534000  0.508981  0.484712  0.024268
0.540000  0.514136  0.490034  0.024102
0.546000  0.519273  0.495341  0.023932
0.552000  0.524391  0.500634  0.023757
0.558000  0.529491  0.505912  0.023578
0.564000  0.534571  0.511175  0.023396
0.570000  0.539632  0.516423  0.023209
0.576000  0.544674  0.521655  0.023019
0.582000  0.549696  0.526870  0.022826
0.588000  0.554698  0.532070  0.022628
0.594000  0.559680  0.537252  0.022428
0.600000  0.564642  0.542418  0.022225
0.606000  0.569584  0.547566  0.022018
0.612000  0.574506  0.552697  0.021809
0.618000  0.579406  0.557810  0.021596
0.624000  0.584286  0.562905  0.021381
0.630000  0.589145  0.567981  0.021164
0.636000  0.593982  0.573039  0.020943
0.642000  0.598798  0.578078  0.020721
0.648000  0.603593  0.583097  0.020496
0.654000  0.608366  0.588097  0.020269
0.660000  0.613117  0.593077  0.020040
0.666000  0.617846  0.598037  0.019809
0.672000  0.622552  0.602976  0.019576
0.678000  0.627237  0.607895  0.019342
0.684000  0.631898  0.612793  0.019105
0.690000  0.636537  0.617670  0.018867
0.696000  0.641153  0.622525  0.018628
0.702000  0.645746  0.627359  0.018387
0.708000  0.650316  0.632170  0.018145
0.714000  0.654862  0.636960  0.017902
0.720000  0.659385  0.641727  0.017658
0.726000  0.663884  0.646471  0.017412
0.732000  0.668359  0.651193  0.017166
0.738000  0.672810  0.655891  0.016919
0.744000  0.677236  0.660566  0.016671
0.750000  0.681639  0.665217  0.016422
0.756000  0.686017  0.669844  0.016173
0.762000  0.690370  0.674447  0.015923
0.768000  0.694698  0.679025  0.015673
0.774000  0.699001  0.683579  0.015422
0.780000  0.703279  0.688108  0.015171
0.786000  0.707532  0.692612  0.014920
0.792000  0.711760  0.697091  0.014669
0.798000  0.715961  0.701544  0.014417
0.804000  0.720137  0.705972  0.014166
0.810000  0.724287  0.710373  0.013914
0.816000  0.728411  0.714748  0.013663
0.822000  0.732509  0.719097  0.013412
0.828000  0.736580  0.723420  0.013161
0.834000  0.740625  0.727715  0.012910
0.840000  0.744643  0.731983  0.012660
0.846000  0.748634  0.736225  0.012410
0.852000  0.752599  0.740438  0.012160
0.858000  0.756536  0.744625  0.011912
0.864000  0.760446  0.748783  0.011663
0.870000  0.764329  0.752913  0.011416
0.876000  0.768184  0.757015  0.011169
0.882000  0.772012  0.761089  0.010923
0.888000  0.775811  0.765134  0.010678
0.894000  0.779583  0.769150  0.010433
0.900000  0.783327  0.773137  0.010190
0.906000  0.787042  0.777095  0.009947
0.912000  0.790730  0.781024  0.009706
0.918000  0.794388  0.784923  0.009465
0.924000  0.798019  0.788793  0.009226
0.930000  0.801620  0.792632  0.008988
0.936000  0.805192  0.796442  0.008751
0.942000  0.808736  0.800221  0.008515
0.948000  0.812251  0.803970  0.008280
0.954000  0.815736  0.807689  0.008047
0.960000  0.819192  0.811376  0.007815
0.966000  0.822618  0.815033  0.007585
0.972000  0.826015  0.818659  0.007356
0.978000  0.829382  0.822253  0.007128
0.984000  0.832719  0.825816  0.006902
0.990000  0.836026  0.829348  0.006678
0.996000  0.839303  0.832848  0.006455
1.002000  0.842550  0.836316  0.006234
1.008000  0.845766  0.839752  0.006014
1.014000  0.848953  0.843156  0.005796
1.020000  0.852108  0.846528  0.005580
1.026000  0.855233  0.849867  0.005366
1.032000  0.858327  0.853174  0.005153
1.038000  0.861390  0.856448  0.004942
1.044000  0.864422  0.859689  0.004733
1.050000  0.867423  0.862898  0.004525
1.056000  0.870393  0.866073  0.004320
1.062000  0.873331  0.869215  0.004116
1.068000  0.876239  0.872324  0.003915
1.074000  0.879114  0.875399  0.003715
1.080000  0.881958  0.878440  0.003517
1.086000  0.884770  0.881448  0.003322
1.092000  0.887550  0.884422  0.003128
1.098000  0.890298  0.887362  0.002936
1.104000  0.893015  0.890268  0.002746
1.110000  0.895699  0.893140  0.002559
1.116000  0.898351  0.895977  0.002373
1.122000  0.900970  0.898780  0.002190
1.128000  0.903557  0.901549  0.002008
1.134000  0.906112  0.904283  0.001829
1.140000  0.908633  0.906982  0.001652
1.146000  0.911123  0.909646  0.001477
1.152000  0.913579  0.912275  0.001304
1.158000  0.916003  0.914869  0.001133
1.164000  0.918393  0.917428  0.000965
1.170000  0.920751  0.919952  0.000798
1.176000  0.923075  0.922441  0.000634
1.182000  0.925366  0.924894  0.000472
1.188000  0.927624  0.927311  0.000313
1.194000  0.929848  0.929693  0.000155
1.200000  0.932039  0.932039  0.000000
1.206000  0.934196  0.934349  0.000153
1.212000  0.936320  0.936624  0.000304
1.218000  0.938410  0.938862  0.000452
1.224000  0.940466  0.941065  0.000599
1.230000  0.942489  0.943231  0.000743
1.236000  0.944477  0.945361  0.000884
1.242000  0.946432  0.947455  0.001024
1.248000  0.948352  0.949513  0.001161
1.254000  0.950238  0.951534  0.001296
1.260000  0.952090  0.953519  0.001428
1.266000  0.953908  0.955467  0.001559
1.272000  0.955692  0.957378  0.001687
1.278000  0.957441  0.959253  0.001813
1.284000  0.959155  0.961091  0.001936
1.290000  0.960835  0.962893  0.002058
1.296000  0.962480  0.964657  0.002177
1.302000  0.964091  0.966385  0.002293
1.308000  0.965667  0.968075  0.002408
1.314000  0.967209  0.969729  0.002520
1.320000  0.968715  0.971345  0.002630
1.326000  0.970187  0.972925  0.002738
1.332000  0.971623  0.974467  0.002843
1.338000  0.973025  0.975972  0.002947
1.344000  0.974392  0.977439  0.003048
1.350000  0.975723  0.978870  0.003146
1.356000  0.977020  0.980263  0.003243
1.362000  0.978281  0.981618  0.003337
1.368000  0.979507  0.982937  0.003429
1.374000  0.980698  0.984217  0.003519
1.380000  0.981854  0.985461  0.003607
1.386000  0.982974  0.986666  0.003693
1.392000  0.984058  0.987834  0.003776
1.398000  0.985108  0.988965  0.003857
1.404000  0.986122  0.990058  0.003936
1.410000  0.987100  0.991113  0.004013
1.416000  0.988043  0.992131  0.004088
1.422000  0.988950  0.993110  0.004160
1.428000  0.989822  0.994053  0.004231
1.434000  0.990658  0.994957  0.004299
1.440000  0.991458  0.995824  0.004365
1.446000  0.992223  0.996653  0.004430
1.452000  0.992952  0.997444  0.004492
1.458000  0.993645  0.998197  0.004552
1.464000  0.994303  0.998912  0.004610
1.470000  0.994924  0.999590  0.004666
1.476000  0.995510  1.000230  0.004720
1.482000  0.996060  1.000832  0.004772
1.488000  0.996574  1.001396  0.004821
1.494000  0.997053  1.001922  0.004869
1.500000  0.997495  1.002410  0.004915
1.506000  0.997901  1.002861  0.004959
1.512000  0.998272  1.003274  0.005002
1.518000  0.998607  1.003648  0.005042
1.524000  0.998905  1.003985  0.005080
1.530000  0.999168  1.004284  0.005116
1.536000  0.999395  1.004546  0.005151
1.542000  0.999585  1.004769  0.005184
1.548000  0.999740  1.004955  0.005215
1.554000  0.999859  1.005102  0.005244
1.560000  0.999942  1.005212  0.005271
1.566000  0.999988  1.005285  0.005296
1.572000  0.999999  1.005319  0.005320
1.578000  0.999974  1.005316  0.005342
1.584000  0.999913  1.005275  0.005362
1.590000  0.999816  1.005196  0.005380
1.596000  0.999682  1.005079  0.005397
1.602000  0.999513  1.004925  0.005412
1.608000  0.999308  1.004733  0.005425
1.614000  0.999067  1.004504  0.005437
1.620000  0.998790  1.004237  0.005447
1.626000  0.998477  1.003932  0.005455
1.632000  0.998128  1.003590  0.005462
1.638000  0.997743  1.003210  0.005467
1.644000  0.997322  1.002793  0.005471
1.650000  0.996865  1.002338  0.005473
1.656000  0.996372  1.001846  0.005474
1.662000  0.995844  1.001317  0.005473
1.668000  0.995279  1.000750  0.005471
1.674000  0.994679  1.000146  0.005467
1.680000  0.994043  0.999505  0.005462
1.686000  0.993371  0.998827  0.005455
1.692000  0.992664  0.998111  0.005447
1.698000  0.991921  0.997358  0.005438
1.704000  0.991142  0.996568  0.005427
1.710000  0.990327  0.995741  0.005415
1.716000  0.989476  0.994878  0.005401
1.722000  0.988590  0.993977  0.005386
1.728000  0.987669  0.993039  0.005370
1.734000  0.986712  0.992065  0.005353
1.740000  0.985719  0.991054  0.005334
1.746000  0.984691  0.990006  0.005315
1.752000  0.983627  0.988921  0.005293
1.758000  0.982529  0.987800  0.005271
1.764000  0.981394  0.986642  0.005248
1.770000  0.980224  0.985448  0.005223
1.776000  0.979020  0.984217  0.005198
1.782000  0.977779  0.982950  0.005171
1.788000  0.976504  0.981647  0.005143
1.794000  0.975193  0.980308  0.005114
1.800000  0.973848  0.978932  0.005084
1.806000  0.972467  0.977520  0.005053
1.812000  0.971051  0.976073  0.005021
1.818000  0.969600  0.974589  0.004989
1.824000  0.968115  0.973069  0.004955
1.830000  0.966594  0.971514  0.004920
1.836000  0.965039  0.969923  0.004884
1.842000  0.963449  0.968296  0.004847
1.848000  0.961824  0.966634  0.004810
1.854000  0.960165  0.964936  0.004771
1.860000  0.958471  0.963203  0.004732
1.866000  0.956743  0.961435  0.004692
1.872000  0.954980  0.959631  0.004651
1.878000  0.953183  0.957792  0.004609
1.884000  0.951351  0.955918  0.004567
1.890000  0.949486  0.954009  0.004524
1.896000  0.947586  0.952066  0.004480
1.902000  0.945652  0.950087  0.004435
1.908000  0.943684  0.948074  0.004390
1.914000  0.941681  0.946026  0.004344
1.920000  0.939645  0.943943  0.004298
1.926000  0.937576  0.941826  0.004250
1.932000  0.935472  0.939675  0.004203
1.938000  0.933335  0.937489  0.004154
1.944000  0.931164  0.935269  0.004105
1.950000  0.928960  0.933015  0.004056
1.956000  0.926722  0.930727  0.004006
1.962000  0.924451  0.928406  0.003955
1.968000  0.922146  0.926050  0.003904
1.974000  0.919809  0.923661  0.003852
1.980000  0.917438  0.921238  0.003800
1.986000  0.915034  0.918782  0.003748
1.992000  0.912597  0.916293  0.003695
1.998000  0.910128  0.913770  0.003642
2.004000  0.907626  0.911214  0.003588
2.010000  0.905091  0.908625  0.003534
2.016000  0.902523  0.906003  0.003480
2.022000  0.899923  0.903348  0.003425
2.028000  0.897290  0.900661  0.003370
2.034000  0.894626  0.897941  0.003315
2.040000  0.891929  0.895188  0.003260
2.046000  0.889200  0.892403  0.003204
2.052000  0.886438  0.889586  0.003148
2.058000  0.883645  0.886737  0.003092
2.064000  0.880821  0.883856  0.003035
2.070000  0.877964  0.880943  0.002979
2.076000  0.875076  0.877998  0.002922
2.082000  0.872156  0.875021  0.002865
2.088000  0.869205  0.872013  0.002808
2.094000  0.866223  0.868973  0.002750
2.100000  0.863209  0.865903  0.002693
2.106000  0.860165  0.862801  0.002636
2.112000  0.857089  0.859667  0.002578
2.118000  0.853983  0.856503  0.002521
2.124000  0.850846  0.853309  0.002463
2.130000  0.847678  0.850083  0.002405
2.136000  0.844480  0.846827  0.002348
2.142000  0.841251  0.843541  0.002290
2.148000  0.837992  0.840224  0.002233
2.154000  0.834703  0.836878  0.002175
2.160000  0.831383  0.833501  0.002117
2.166000  0.828034  0.830094  0.002060
2.172000  0.824655  0.826658  0.002003
2.178000  0.821247  0.823192  0.001945
2.184000  0.817809  0.819697  0.001888
2.190000  0.814341  0.816172  0.001831
2.196000  0.810844  0.812618  0.001774
2.202000  0.807318  0.809035  0.001717
2.208000  0.803763  0.805423  0.001660
2.214000  0.800178  0.801782  0.001604
2.220000  0.796565  0.798113  0.001548
2.226000  0.792924  0.794415  0.001492
2.232000  0.789254  0.790689  0.001436
2.238000  0.785555  0.786935  0.001380
2.244000  0.781828  0.783153  0.001324
2.250000  0.778073  0.779342  0.001269
2.256000  0.774290  0.775505  0.001214
2.262000  0.770479  0.771639  0.001160
2.268000  0.766641  0.767746  0.001105
2.274000  0.762774  0.763826  0.001051
2.280000  0.758881  0.759878  0.000997
2.286000  0.754960  0.755903  0.000944
2.292000  0.751012  0.751902  0.000891
2.298000  0.747036  0.747874  0.000838
2.304000  0.743034  0.743819  0.000785
2.310000  0.739005  0.739738  0.000733
2.316000  0.734950  0.735631  0.000681
2.322000  0.730868  0.731498  0.000630
2.328000  0.726760  0.727339  0.000579
2.334000  0.722625  0.723154  0.000528
2.340000  0.718465  0.718943  0.000478
2.346000  0.714279  0.714707  0.000428
2.352000  0.710067  0.710445  0.000379
2.358000  0.705829  0.706159  0.000330
2.364000  0.701566  0.701847  0.000281
2.370000  0.697278  0.697511  0.000233
2.376000  0.692964  0.693150  0.000186
2.382000  0.688626  0.688765  0.000139
2.388000  0.684263  0.684355  0.000092
2.394000  0.679875  0.679921  0.000046
2.400000  0.675463  0.675463  0.000000
2.406000  0.671027  0.670981  0.000045
2.412000  0.666566  0.666476  0.000090
2.418000  0.662081  0.661947  0.000134
2.424000  0.657573  0.657395  0.000178
2.430000  0.653041  0.652820  0.000221
2.436000  0.648485  0.648221  0.000264
2.442000  0.643906  0.643600  0.000306
2.448000  0.639304  0.638956  0.000347
2.454000  0.634679  0.634290  0.000388
2.460000  0.630031  0.629602  0.000429
2.466000  0.625360  0.624891  0.000469
2.472000  0.620667  0.620158  0.000508
2.478000  0.615951  0.615404  0.000547
2.484000  0.611213  0.610628  0.000585
2.490000  0.606454  0.605830  0.000623
2.496000  0.601672  0.601012  0.000660
2.502000  0.596869  0.596172  0.000697
2.508000  0.592044  0.591311  0.000733
2.514000  0.587198  0.586430  0.000768
2.520000  0.582331  0.581528  0.000803
2.526000  0.577442  0.576606  0.000837
2.532000  0.572534  0.571663  0.000870
2.538000  0.567604  0.566701  0.000903
2.544000  0.562654  0.561718  0.000936
2.550000  0.557684  0.556716  0.000967
2.556000  0.552693  0.551695  0.000998
2.562000  0.547683  0.546654  0.001029
2.568000  0.542653  0.541594  0.001059
2.574000  0.537604  0.536516  0.001088
2.580000  0.532535  0.531418  0.001117
2.586000  0.527447  0.526302  0.001145
2.592000  0.522340  0.521168  0.001172
2.598000  0.517214  0.516015  0.001199
2.604000  0.512070  0.510845  0.001225
2.610000  0.506907  0.505656  0.001251
2.616000  0.501726  0.500450  0.001276
2.622000  0.496527  0.495227  0.001300
2.628000  0.491310  0.489986  0.001323
2.634000  0.486075  0.484728  0.001346
2.640000  0.480823  0.479454  0.001369
2.646000  0.475553  0.474163  0.001391
2.652000  0.470266  0.468855  0.001412
2.658000  0.464963  0.463531  0.001432
2.664000  0.459643  0.458191  0.001452
2.670000  0.454306  0.452834  0.001471
2.676000  0.448952  0.447463  0.001490
2.682000  0.443583  0.442075  0.001508
2.688000  0.438198  0.436673  0.001525
2.694000  0.432797  0.431255  0.001542
2.700000  0.427380  0.425822  0.001558
2.706000  0.421948  0.420374  0.001573
2.712000  0.416501  0.414912  0.001588
2.718000  0.411038  0.409436  0.001603
2.724000  0.405561  0.403945  0.001616
2.730000  0.400069  0.398440  0.001629
2.736000  0.394563  0.392922  0.001642
2.742000  0.389043  0.387390  0.001653
2.748000  0.383509  0.381844  0.001665
2.754000  0.377961  0.376285  0.001675
2.760000  0.372399  0.370714  0.001685
2.766000  0.366824  0.365129  0.001695
2.772000  0.361236  0.359532  0.001703
2.778000  0.355634  0.353923  0.001712
2.784000  0.350020  0.348301  0.001719
2.790000  0.344393  0.342667  0.001726
2.796000  0.338754  0.337022  0.001733
2.802000  0.333103  0.331364  0.001739
2.808000  0.327440  0.325696  0.001744
2.814000  0.321765  0.320016  0.001749
2.820000  0.316078  0.314325  0.001753
2.826000  0.310380  0.308623  0.001757
2.832000  0.304671  0.302911  0.001760
2.838000  0.298950  0.297188  0.001762
2.844000  0.293220  0.291455  0.001764
2.850000  0.287478  0.285712  0.001766
2.856000  0.281726  0.279960  0.001767
2.862000  0.275964  0.274197  0.001767
2.868000  0.270192  0.268425  0.001767
2.874000  0.264411  0.262644  0.001766
2.880000  0.258619  0.256854  0.001765
2.886000  0.252819  0.251056  0.001763
2.892000  0.247009  0.245248  0.001761
2.898000  0.241191  0.239432  0.001758
2.904000  0.235364  0.233608  0.001755
2.910000  0.229528  0.227777  0.001751
2.916000  0.223684  0.221937  0.001747
2.922000  0.217832  0.216089  0.001743
2.928000  0.211972  0.210235  0.001738
2.934000  0.206105  0.204373  0.001732
2.940000  0.200230  0.198504  0.001726
2.946000  0.194348  0.192628  0.001720
2.952000  0.188459  0.186746  0.001713
2.958000  0.182563  0.180858  0.001705
2.964000  0.176661  0.174963  0.001698
2.970000  0.170752  0.169063  0.001689
2.976000  0.164837  0.163156  0.001681
2.982000  0.158916  0.157244  0.001672
2.988000  0.152989  0.151327  0.001662
2.994000  0.147057  0.145405  0.001652
3.000000  0.141120  0.139478  0.001642
3.006000  0.135178  0.133546  0.001632
3.012000  0.129230  0.127609  0.001621
3.018000  0.123278  0.121669  0.001609
3.024000  0.117322  0.115724  0.001598
3.030000  0.111361  0.109775  0.001586
3.036000  0.105397  0.103823  0.001573
3.042000  0.099428  0.097867  0.001561
3.048000  0.093456  0.091908  0.001548
3.054000  0.087481  0.085946  0.001534
3.060000  0.081502  0.079982  0.001521
3.066000  0.075521  0.074014  0.001507
3.072000  0.069536  0.068044  0.001492
3.078000  0.063550  0.062072  0.001478
3.084000  0.057561  0.056098  0.001463
3.090000  0.051570  0.050122  0.001448
3.096000  0.045577  0.044144  0.001432
3.102000  0.039582  0.038166  0.001417
3.108000  0.033586  0.032185  0.001401
3.114000  0.027589  0.026204  0.001385
3.120000  0.021591  0.020223  0.001368
3.126000  0.015592  0.014240  0.001352
3.132000  0.009593  0.008258  0.001335
3.138000  0.003593  0.002275  0.001318
3.144000  -0.002407  -0.003708  0.001301
3.150000  -0.008407  -0.009691  0.001283
3.156000  -0.014407  -0.015673  0.001266
3.162000  -0.020406  -0.021654  0.001248
3.168000  -0.026404  -0.027634  0.001230
3.174000  -0.032402  -0.033613  0.001212
3.180000  -0.038398  -0.039591  0.001194
3.186000  -0.044393  -0.045568  0.001175
3.192000  -0.050386  -0.051543  0.001157
3.198000  -0.056377  -0.057515  0.001138
3.204000  -0.062367  -0.063486  0.001119
3.210000  -0.068354  -0.069454  0.001100
3.216000  -0.074339  -0.075420  0.001081
3.222000  -0.080321  -0.081383  0.001062
3.228000  -0.086300  -0.087343  0.001043
3.234000  -0.092276  -0.093300  0.001024
3.240000  -0.098249  -0.099253  0.001004
3.246000  -0.104218  -0.105203  0.000985
3.252000  -0.110183  -0.111149  0.000965
3.258000  -0.116145  -0.117091  0.000946
3.264000  -0.122102  -0.123028  0.000926
3.270000  -0.128055  -0.128962  0.000907
3.276000  -0.134003  -0.134890  0.000887
3.282000  -0.139946  -0.140814  0.000868
3.288000  -0.145885  -0.146733  0.000848
3.294000  -0.151818  -0.152646  0.000828
3.300000  -0.157746  -0.158555  0.000809
3.306000  -0.163668  -0.164457  0.000789
3.312000  -0.169584  -0.170354  0.000770
3.318000  -0.175494  -0.176244  0.000750
3.324000  -0.181398  -0.182128  0.000731
3.330000  -0.187295  -0.188006  0.000711
3.336000  -0.193185  -0.193877  0.000692
3.342000  -0.199069  -0.199741  0.000673
3.348000  -0.204945  -0.205598  0.000653
3.354000  -0.210814  -0.211448  0.000634
3.360000  -0.216675  -0.217290  0.000615
3.366000  -0.222529  -0.223125  0.000596
3.372000  -0.228374  -0.228951  0.000577
3.378000  -0.234211  -0.234770  0.000559
3.384000  -0.240040  -0.240580  0.000540
3.390000  -0.245861  -0.246382  0.000521
3.396000  -0.251672  -0.252175  0.000503
3.402000  -0.257474  -0.257959  0.000485
3.408000  -0.263267  -0.263734  0.000467
3.414000  -0.269051  -0.269499  0.000449
3.420000  -0.274825  -0.275255  0.000431
3.426000  -0.280589  -0.281002  0.000413
3.432000  -0.286343  -0.286738  0.000396
3.438000  -0.292086  -0.292464  0.000378
3.444000  -0.297819  -0.298180  0.000361
3.450000  -0.303542  -0.303886  0.000344
3.456000  -0.309253  -0.309581  0.000328
3.462000  -0.314953  -0.315264  0.000311
3.468000  -0.320642  -0.320937  0.000295
3.474000  -0.326320  -0.326598  0.000279
3.480000  -0.331985  -0.332248  0.000263
3.486000  -0.337639  -0.337886  0.000247
3.492000  -0.343280  -0.343512  0.000232
3.498000  -0.348910  -0.349126  0.000217
3.504000  -0.354526  -0.354728  0.000202
3.510000  -0.360130  -0.360317  0.000187
3.516000  -0.365721  -0.365893  0.000172
3.522000  -0.371299  -0.371457  0.000158
3.528000  -0.376863  -0.377007  0.000144
3.534000  -0.382414  -0.382545  0.000131
3.540000  -0.387951  -0.388068  0.000117
3.546000  -0.393474  -0.393578  0.000104
3.552000  -0.398983  -0.399074  0.000092
3.558000  -0.404477  -0.404556  0.000079
3.564000  -0.409957  -0.410024  0.000067
3.570000  -0.415423  -0.415478  0.000055
3.576000  -0.420873  -0.420916  0.000043
3.582000  -0.426308  -0.426340  0.000032
3.588000  -0.431728  -0.431749  0.000021
3.594000  -0.437132  -0.437142  0.000010
3.600000  -0.442520  -0.442520  0.000000
3.606000  -0.447893  -0.447883  0.000010
3.612000  -0.453249  -0.453230  0.000020
3.618000  -0.458590  -0.458560  0.000029
3.624000  -0.463913  -0.463875  0.000038
3.630000  -0.469220  -0.469173  0.000047
3.636000  -0.474510  -0.474455  0.000055
3.642000  -0.479783  -0.479720  0.000063
3.648000  -0.485039  -0.484968  0.000071
3.654000  -0.490277  -0.490199  0.000078
3.660000  -0.495497  -0.495412  0.000085
3.666000  -0.500700  -0.500608  0.000092
3.672000  -0.505885  -0.505787  0.000098
3.678000  -0.511051  -0.510947  0.000104
3.684000  -0.516199  -0.516090  0.000110
3.690000  -0.521329  -0.521214  0.000115
3.696000  -0.526440  -0.526320  0.000120
3.702000  -0.531531  -0.531407  0.000124
3.708000  -0.536604  -0.536476  0.000128
3.714000  -0.541657  -0.541525  0.000132
3.720000  -0.546691  -0.546556  0.000135
3.726000  -0.551705  -0.551567  0.000138
3.732000  -0.556699  -0.556559  0.000141
3.738000  -0.561674  -0.561531  0.000143
3.744000  -0.566628  -0.566483  0.000145
3.750000  -0.571561  -0.571415  0.000147
3.756000  -0.576474  -0.576327  0.000148
3.762000  -0.581367  -0.581218  0.000148
3.768000  -0.586238  -0.586089  0.000149
3.774000  -0.591088  -0.590939  0.000149
3.780000  -0.595917  -0.595769  0.000148
3.786000  -0.600725  -0.600577  0.000148
3.792000  -0.605511  -0.605364  0.000147
3.798000  -0.610275  -0.610130  0.000145
3.804000  -0.615017  -0.614874  0.000143
3.810000  -0.619737  -0.619596  0.000141
3.816000  -0.624435  -0.624296  0.000139
3.822000  -0.629110  -0.628974  0.000136
3.828000  -0.633762  -0.633630  0.000132
3.834000  -0.638392  -0.638263  0.000129
3.840000  -0.642999  -0.642874  0.000125
3.846000  -0.647582  -0.647462  0.000120
3.852000  -0.652143  -0.652027  0.000116
3.858000  -0.656679  -0.656569  0.000110
3.864000  -0.661193  -0.661088  0.000105
3.870000  -0.665682  -0.665583  0.000099
3.876000  -0.670147  -0.670054  0.000093
3.882000  -0.674589  -0.674502  0.000087
3.888000  -0.679006  -0.678926  0.000080
3.894000  -0.683398  -0.683326  0.000073
3.900000  -0.687766  -0.687701  0.000065
3.906000  -0.692109  -0.692052  0.000057
3.912000  -0.696428  -0.696378  0.000049
3.918000  -0.700721  -0.700680  0.000041
3.924000  -0.704989  -0.704957  0.000032
3.930000  -0.709231  -0.709209  0.000023
3.936000  -0.713448  -0.713435  0.000013
3.942000  -0.717640  -0.717636  0.000004
3.948000  -0.721805  -0.721812  0.000006
3.954000  -0.725945  -0.725961  0.000017
3.960000  -0.730058  -0.730085  0.000027
3.966000  -0.734146  -0.734184  0.000038
3.972000  -0.738206  -0.738255  0.000049
3.978000  -0.742240  -0.742301  0.000061
3.984000  -0.746248  -0.746320  0.000072
3.990000  -0.750228  -0.750313  0.000084
3.996000  -0.754182  -0.754278  0.000096
4.002000  -0.758108  -0.758217  0.000109
4.008000  -0.762007  -0.762129  0.000122
4.014000  -0.765879  -0.766014  0.000135
4.020000  -0.769723  -0.769871  0.000148
4.026000  -0.773540  -0.773701  0.000161
4.032000  -0.777328  -0.777503  0.000175
4.038000  -0.781089  -0.781277  0.000189
4.044000  -0.784821  -0.785024  0.000203
4.050000  -0.788525  -0.788742  0.000217
4.056000  -0.792201  -0.792432  0.000231
4.062000  -0.795848  -0.796094  0.000246
4.068000  -0.799467  -0.799728  0.000261
4.074000  -0.803057  -0.803333  0.000276
4.080000  -0.806618  -0.806909  0.000291
4.086000  -0.810150  -0.810456  0.000306
4.092000  -0.813652  -0.813974  0.000322
4.098000  -0.817126  -0.817463  0.000337
4.104000  -0.820570  -0.820923  0.000353
4.110000  -0.823984  -0.824353  0.000369
4.116000  -0.827369  -0.827754  0.000384
4.122000  -0.830724  -0.831125  0.000400
4.128000  -0.834049  -0.834466  0.000416
4.134000  -0.837344  -0.837777  0.000433
4.140000  -0.840609  -0.841058  0.000449
4.146000  -0.843844  -0.844309  0.000465
4.152000  -0.847048  -0.847530  0.000481
4.158000  -0.850222  -0.850720  0.000498
4.164000  -0.853365  -0.853880  0.000514
4.170000  -0.856478  -0.857009  0.000531
4.176000  -0.859560  -0.860107  0.000547
4.182000  -0.862610  -0.863174  0.000564
4.188000  -0.865630  -0.866210  0.000580
4.194000  -0.868619  -0.869215  0.000596
4.200000  -0.871576  -0.872189  0.000613
4.206000  -0.874502  -0.875131  0.000629
4.212000  -0.877396  -0.878041  0.000645
4.218000  -0.880259  -0.880920  0.000662
4.224000  -0.883090  -0.883768  0.000678
4.230000  -0.885889  -0.886583  0.000694
4.236000  -0.888657  -0.889366  0.000710
4.242000  -0.891392  -0.892118  0.000726
4.248000  -0.894095  -0.894837  0.000741
4.254000  -0.896767  -0.897524  0.000757
4.260000  -0.899405  -0.900178  0.000773
4.266000  -0.902012  -0.902800  0.000788
4.272000  -0.904586  -0.905389  0.000803
4.278000  -0.907127  -0.907945  0.000818
4.284000  -0.909636  -0.910469  0.000833
4.290000  -0.912112  -0.912960  0.000847
4.296000  -0.914555  -0.915417  0.000862
4.302000  -0.916966  -0.917842  0.000876
4.308000  -0.919343  -0.920233  0.000890
4.314000  -0.921687  -0.922591  0.000903
4.320000  -0.923998  -0.924915  0.000917
4.326000  -0.926276  -0.927206  0.000930
4.332000  -0.928520  -0.929463  0.000943
4.338000  -0.930731  -0.931687  0.000955
4.344000  -0.932909  -0.933876  0.000968
4.350000  -0.935053  -0.936032  0.000979
4.356000  -0.937163  -0.938154  0.000991
4.362000  -0.939239  -0.940241  0.001002
4.368000  -0.941282  -0.942295  0.001013
4.374000  -0.943291  -0.944314  0.001024
4.380000  -0.945266  -0.946299  0.001034
4.386000  -0.947206  -0.948250  0.001043
4.392000  -0.949113  -0.950165  0.001052
4.398000  -0.950986  -0.952047  0.001061
4.404000  -0.952824  -0.953893  0.001070
4.410000  -0.954628  -0.955705  0.001078
4.416000  -0.956397  -0.957482  0.001085
4.422000  -0.958133  -0.959225  0.001092
4.428000  -0.959833  -0.960932  0.001098
4.434000  -0.961499  -0.962604  0.001104
4.440000  -0.963131  -0.964241  0.001110
4.446000  -0.964728  -0.965842  0.001115
4.452000  -0.966290  -0.967409  0.001119
4.458000  -0.967817  -0.968940  0.001123
4.464000  -0.969310  -0.970436  0.001126
4.470000  -0.970767  -0.971896  0.001129
4.476000  -0.972190  -0.973321  0.001131
4.482000  -0.973578  -0.974710  0.001132
4.488000  -0.974930  -0.976063  0.001133
4.494000  -0.976248  -0.977381  0.001133
4.500000  -0.977530  -0.978662  0.001132
4.506000  -0.978777  -0.979908  0.001131
4.512000  -0.979989  -0.981119  0.001129
4.518000  -0.981166  -0.982293  0.001127
4.524000  -0.982307  -0.983431  0.001123
4.530000  -0.983413  -0.984533  0.001119
4.536000  -0.984484  -0.985598  0.001115
4.542000  -0.985519  -0.986628  0.001109
4.548000  -0.986519  -0.987621  0.001103
4.554000  -0.987483  -0.988579  0.001096
4.560000  -0.988411  -0.989499  0.001088
4.566000  -0.989304  -0.990384  0.001079
4.572000  -0.990162  -0.991232  0.001070
4.578000  -0.990983  -0.992043  0.001060
4.584000  -0.991769  -0.992818  0.001049
4.590000  -0.992520  -0.993557  0.001037
4.596000  -0.993234  -0.994258  0.001024
4.602000  -0.993913  -0.994924  0.001010
4.608000  -0.994556  -0.995552  0.000996
4.614000  -0.995164  -0.996144  0.000980
4.620000  -0.995735  -0.996699  0.000964
4.626000  -0.996271  -0.997218  0.000947
4.632000  -0.996771  -0.997699  0.000929
4.638000  -0.997234  -0.998144  0.000910
4.644000  -0.997662  -0.998552  0.000889
4.650000  -0.998054  -0.998923  0.000868
4.656000  -0.998411  -0.999257  0.000846
4.662000  -0.998731  -0.999554  0.000823
4.668000  -0.999015  -0.999814  0.000799
4.674000  -0.999263  -1.000038  0.000774
4.680000  -0.999476  -1.000224  0.000748
4.686000  -0.999652  -1.000373  0.000721
4.692000  -0.999792  -1.000485  0.000693
4.698000  -0.999896  -1.000561  0.000664
4.704000  -0.999965  -1.000599  0.000634
4.710000  -0.999997  -1.000600  0.000603
4.716000  -0.999993  -1.000564  0.000570
4.722000  -0.999954  -1.000491  0.000537
4.728000  -0.999878  -1.000380  0.000502
4.734000  -0.999766  -1.000233  0.000467
4.740000  -0.999619  -1.000049  0.000430
4.746000  -0.999435  -0.999827  0.000392
4.752000  -0.999216  -0.999569  0.000353
4.758000  -0.998960  -0.999273  0.000313
4.764000  -0.998668  -0.998940  0.000272
4.770000  -0.998341  -0.998570  0.000229
4.776000  -0.997978  -0.998163  0.000186
4.782000  -0.997578  -0.997719  0.000141
4.788000  -0.997143  -0.997238  0.000095
4.794000  -0.996672  -0.996720  0.000048
4.800000  -0.996165  -0.996165  0.000000
4.806000  -0.995622  -0.995572  0.000049
4.812000  -0.995043  -0.994943  0.000100
4.818000  -0.994428  -0.994277  0.000152
4.824000  -0.993778  -0.993573  0.000205
4.830000  -0.993092  -0.992833  0.000259
4.836000  -0.992370  -0.992055  0.000314
4.842000  -0.991612  -0.991241  0.000371
4.848000  -0.990819  -0.990390  0.000429
4.854000  -0.989990  -0.989502  0.000488
4.860000  -0.989125  -0.988577  0.000548
4.866000  -0.988225  -0.987615  0.000610
4.872000  -0.987289  -0.986617  0.000672
4.878000  -0.986318  -0.985581  0.000736
4.884000  -0.985311  -0.984509  0.000802
4.890000  -0.984269  -0.983401  0.000868
4.896000  -0.983191  -0.982255  0.000936
4.902000  -0.982078  -0.981073  0.001005
4.908000  -0.980929  -0.979854  0.001075
4.914000  -0.979745  -0.978599  0.001146
4.920000  -0.978526  -0.977308  0.001218
4.926000  -0.977272  -0.975980  0.001292
4.932000  -0.975982  -0.974615  0.001367
4.938000  -0.974658  -0.973214  0.001443
4.944000  -0.973298  -0.971777  0.001521
4.950000  -0.971903  -0.970304  0.001600
4.956000  -0.970473  -0.968794  0.001679
4.962000  -0.969009  -0.967248  0.001760
4.968000  -0.967509  -0.965666  0.001843
4.974000  -0.965975  -0.964048  0.001926
4.980000  -0.964405  -0.962395  0.002011
4.986000  -0.962801  -0.960705  0.002097
4.992000  -0.961163  -0.958979  0.002184
4.998000  -0.959490  -0.957218  0.002272
5.004000  -0.957782  -0.955421  0.002361
5.010000  -0.956040  -0.953588  0.002452
5.016000  -0.954263  -0.951720  0.002543
5.022000  -0.952452  -0.949816  0.002636
5.028000  -0.950607  -0.947877  0.002730
5.034000  -0.948727  -0.945903  0.002825
5.040000  -0.946814  -0.943893  0.002921
5.046000  -0.944866  -0.941848  0.003018
5.052000  -0.942884  -0.939768  0.003116
5.058000  -0.940869  -0.937653  0.003216
5.064000  -0.938819  -0.935503  0.003316
5.070000  -0.936736  -0.933318  0.003418
5.076000  -0.934619  -0.931099  0.003520
5.082000  -0.932468  -0.928844  0.003624
5.088000  -0.930284  -0.926556  0.003728
5.094000  -0.928066  -0.924233  0.003833
5.100000  -0.925815  -0.921875  0.003940
5.106000  -0.923530  -0.919483  0.004047
5.112000  -0.921212  -0.917057  0.004155
5.118000  -0.918861  -0.914597  0.004264
5.124000  -0.916477  -0.912103  0.004374
5.130000  -0.914060  -0.909575  0.004485
5.136000  -0.911611  -0.907013  0.004597
5.142000  -0.909128  -0.904418  0.004710
5.148000  -0.906612  -0.901789  0.004823
5.154000  -0.904064  -0.899127  0.004937
5.160000  -0.901484  -0.896432  0.005052
5.166000  -0.898871  -0.893703  0.005167
5.172000  -0.896225  -0.890941  0.005284
5.178000  -0.893547  -0.888147  0.005401
5.184000  -0.890838  -0.885319  0.005518
5.190000  -0.888096  -0.882459  0.005636
5.196000  -0.885322  -0.879566  0.005755
5.202000  -0.882516  -0.876641  0.005875
5.208000  -0.879678  -0.873684  0.005994
5.214000  -0.876809  -0.870694  0.006115
5.220000  -0.873908  -0.867673  0.006236
5.226000  -0.870976  -0.864619  0.006357
5.232000  -0.868012  -0.861534  0.006478
5.238000  -0.865018  -0.858417  0.006600
5.244000  -0.861992  -0.855269  0.006723
5.250000  -0.858934  -0.852089  0.006845
5.256000  -0.855847  -0.848878  0.006968
5.262000  -0.852728  -0.845637  0.007091
5.268000  -0.849578  -0.842364  0.007214
5.274000  -0.846398  -0.839060  0.007338
5.280000  -0.843188  -0.835726  0.007461
5.286000  -0.839947  -0.832362  0.007585
5.292000  -0.836676  -0.828967  0.007708
5.298000  -0.833375  -0.825543  0.007832
5.304000  -0.830043  -0.822088  0.007955
5.310000  -0.826682  -0.818604  0.008078
5.316000  -0.823291  -0.815090  0.008201
5.322000  -0.819871  -0.811547  0.008324
5.328000  -0.816421  -0.807974  0.008447
5.334000  -0.812941  -0.804372  0.008569
5.340000  -0.809433  -0.800742  0.008691
5.346000  -0.805895  -0.797082  0.008812
5.352000  -0.802328  -0.793395  0.008933
5.358000  -0.798732  -0.789678  0.009054
5.364000  -0.795108  -0.785934  0.009174
5.370000  -0.791455  -0.782162  0.009293
5.376000  -0.787773  -0.778362  0.009411
5.382000  -0.784063  -0.774534  0.009529
5.388000  -0.780325  -0.770679  0.009646
5.394000  -0.776559  -0.766797  0.009762
5.400000  -0.772764  -0.762887  0.009877
5.406000  -0.768942  -0.758951  0.009991
5.412000  -0.765093  -0.754988  0.010104
5.418000  -0.761215  -0.750999  0.010216
5.424000  -0.757311  -0.746984  0.010327
5.430000  -0.753379  -0.742942  0.010436
5.436000  -0.749420  -0.738875  0.010544
5.442000  -0.745434  -0.734783  0.010651
5.448000  -0.741421  -0.730664  0.010756
5.454000  -0.737381  -0.726521  0.010860
5.460000  -0.733315  -0.722353  0.010962
5.466000  -0.729223  -0.718160  0.011062
5.472000  -0.725104  -0.713943  0.011161
5.478000  -0.720959  -0.709701  0.011258
5.484000  -0.716788  -0.705436  0.011352
5.490000  -0.712592  -0.701146  0.011445
5.496000  -0.708369  -0.696833  0.011536
5.502000  -0.704122  -0.692497  0.011624
5.508000  -0.699848  -0.688138  0.011711
5.514000  -0.695550  -0.683756  0.011794
5.520000  -0.691227  -0.679351  0.011876
5.526000  -0.686879  -0.674924  0.011955
5.532000  -0.682506  -0.670474  0.012031
5.538000  -0.678108  -0.666003  0.012105
5.544000  -0.673686  -0.661510  0.012176
5.550000  -0.669240  -0.656996  0.012244
5.556000  -0.664770  -0.652461  0.012309
5.562000  -0.660275  -0.647905  0.012371
5.568000  -0.655757  -0.643328  0.012429
5.574000  -0.651216  -0.638731  0.012485
5.580000  -0.646651  -0.634114  0.012537
5.586000  -0.642062  -0.629477  0.012585
5.592000  -0.637451  -0.624821  0.012630
5.598000  -0.632817  -0.620145  0.012672
5.604000  -0.628159  -0.615450  0.012709
5.610000  -0.623480  -0.610737  0.012743
5.616000  -0.618777  -0.606005  0.012772
5.622000  -0.614053  -0.601255  0.012798
5.628000  -0.609306  -0.596487  0.012819
5.634000  -0.604538  -0.591701  0.012836
5.640000  -0.599747  -0.586899  0.012849
5.646000  -0.594935  -0.582079  0.012857
5.652000  -0.590102  -0.577242  0.012860
5.658000  -0.585248  -0.572390  0.012858
5.664000  -0.580372  -0.567521  0.012851
5.670000  -0.575475  -0.562636  0.012840
5.676000  -0.570558  -0.557735  0.012823
5.682000  -0.565620  -0.552820  0.012801
5.688000  -0.560662  -0.547889  0.012773
5.694000  -0.555684  -0.542944  0.012740
5.700000  -0.550686  -0.537985  0.012701
5.706000  -0.545667  -0.533011  0.012656
5.712000  -0.540630  -0.528024  0.012605
5.718000  -0.535572  -0.523024  0.012548
5.724000  -0.530496  -0.518011  0.012485
5.730000  -0.525400  -0.512985  0.012416
5.736000  -0.520286  -0.507946  0.012339
5.742000  -0.515152  -0.502896  0.012257
5.748000  -0.510000  -0.497833  0.012167
5.754000  -0.504830  -0.492760  0.012070
5.760000  -0.499642  -0.487675  0.011967
5.766000  -0.494436  -0.482580  0.011856
5.772000  -0.489211  -0.477474  0.011737
5.778000  -0.483970  -0.472359  0.011611
5.784000  -0.478710  -0.467233  0.011477
5.790000  -0.473434  -0.462099  0.011335
5.796000  -0.468141  -0.456955  0.011185
5.802000  -0.462830  -0.451803  0.011027
5.808000  -0.457503  -0.446642  0.010861
5.814000  -0.452160  -0.441474  0.010686
5.820000  -0.446800  -0.436298  0.010502
5.826000  -0.441424  -0.431115  0.010309
5.832000  -0.436033  -0.425925  0.010107
5.838000  -0.430625  -0.420729  0.009896
5.844000  -0.425202  -0.415526  0.009676
5.850000  -0.419764  -0.410318  0.009446
5.856000  -0.414311  -0.405105  0.009206
5.862000  -0.408842  -0.399887  0.008956
5.868000  -0.403360  -0.394664  0.008696
5.874000  -0.397862  -0.389437  0.008425
5.880000  -0.392350  -0.384206  0.008144
5.886000  -0.386824  -0.378972  0.007853
5.892000  -0.381284  -0.373735  0.007550
5.898000  -0.375731  -0.368495  0.007236
5.904000  -0.370164  -0.363253  0.006911
5.910000  -0.364583  -0.358009  0.006574
5.916000  -0.358990  -0.352764  0.006226
5.922000  -0.353383  -0.347518  0.005866
5.928000  -0.347764  -0.342271  0.005493
5.934000  -0.342132  -0.337024  0.005109
5.940000  -0.336488  -0.331777  0.004711
5.946000  -0.330832  -0.326531  0.004301
5.952000  -0.325164  -0.321286  0.003878
5.958000  -0.319484  -0.316042  0.003442
5.964000  -0.313793  -0.310801  0.002992
5.970000  -0.308091  -0.305562  0.002529
5.976000  -0.302377  -0.300325  0.002052
5.982000  -0.296652  -0.295092  0.001561
5.988000  -0.290917  -0.289862  0.001055
5.994000  -0.285171  -0.284637  0.000535
6.000000  -0.279415  -0.279415  0.000000

error: 0.026596 
