0.000000  0.000000  1.000000  0.000000  1.000000  0.000000  0.000000
0.012000  0.012000  0.999928  0.012000  0.999927  0.000000  0.000001
0.024000  0.023998  0.999712  0.023998  0.999710  0.000000  0.000002
0.036000  0.035992  0.999352  0.035992  0.999349  0.000000  0.000003
0.048000  0.047982  0.998848  0.047981  0.998844  0.000000  0.000004
0.060000  0.059964  0.998201  0.059964  0.998196  0.000000  0.000005
0.072000  0.071938  0.997409  0.071938  0.997404  0.000000  0.000005
0.084000  0.083901  0.996474  0.083901  0.996468  0.000000  0.000006
0.096000  0.095853  0.995396  0.095852  0.995390  0.000000  0.000006
0.108000  0.107790  0.994174  0.107790  0.994167  0.000000  0.000006
0.120000  0.119712  0.992809  0.119712  0.992802  0.000001  0.000006
0.132000  0.131617  0.991301  0.131616  0.991294  0.000001  0.000006
0.144000  0.143503  0.989650  0.143502  0.989644  0.000001  0.000006
0.156000  0.155368  0.987857  0.155367  0.987850  0.000001  0.000006
0.168000  0.167211  0.985921  0.167210  0.985915  0.000001  0.000006
0.180000  0.179030  0.983844  0.179029  0.983838  0.000001  0.000006
0.192000  0.190823  0.981625  0.190822  0.981619  0.000001  0.000006
0.204000  0.202588  0.979264  0.202587  0.979259  0.000001  0.000005
0.216000  0.214324  0.976763  0.214323  0.976757  0.000001  0.000005
0.228000  0.226030  0.974120  0.226029  0.974116  0.000001  0.000005
0.240000  0.237703  0.971338  0.237701  0.971333  0.000001  0.000004
0.252000  0.249341  0.968416  0.249340  0.968412  0.000001  0.000004
0.264000  0.260944  0.965354  0.260943  0.965350  0.000001  0.000004
0.276000  0.272509  0.962153  0.272508  0.962150  0.000001  0.000003
0.288000  0.284035  0.958814  0.284034  0.958811  0.000001  0.000003
0.300000  0.295520  0.955336  0.295519  0.955334  0.000001  0.000003
0.312000  0.306963  0.951722  0.306961  0.951719  0.000001  0.000002
0.324000  0.318361  0.947970  0.318360  0.947968  0.000001  0.000002
0.336000  0.329713  0.944081  0.329712  0.944079  0.000001  0.000002
0.348000  0.341018  0.940057  0.341017  0.940055  0.000002  0.000001
0.360000  0.352274  0.935897  0.352273  0.935896  0.000002  0.000001
0.372000  0.363479  0.931602  0.363478  0.931602  0.000002  0.000001
0.384000  0.374632  0.927174  0.374631  0.927173  0.000002  0.000000
0.396000  0.385731  0.922611  0.385729  0.922611  0.000002  0.000000
0.408000  0.396774  0.917916  0.396773  0.917917  0.000002  0.000000
0.420000  0.407760  0.913089  0.407759  0.913090  0.000002  0.000001
0.432000  0.418688  0.908130  0.418686  0.908131  0.000002  0.000001
0.444000  0.429555  0.903041  0.429554  0.903042  0.000001  0.000001
0.456000  0.440360  0.897821  0.440359  0.897823  0.000001  0.000001
0.468000  0.451102  0.892472  0.451101  0.892474  0.000001  0.000002
0.480000  0.461779  0.886995  0.461778  0.886997  0.000001  0.000002
0.492000  0.472390  0.881390  0.472388  0.881392  0.000001  0.000002
0.504000  0.482932  0.875658  0.482931  0.875660  0.000001  0.000002
0.516000  0.493405  0.869800  0.493404  0.869802  0.000001  0.000002
0.528000  0.503807  0.863816  0.503805  0.863819  0.000001  0.000003
0.540000  0.514136  0.857709  0.514135  0.857711  0.000001  0.000003
0.552000  0.524391  0.851477  0.524390  0.851480  0.000001  0.000003
0.564000  0.534571  0.845124  0.534570  0.845127  0.000001  0.000003
0.576000  0.544674  0.838648  0.544673  0.838651  0.000001  0.000003
0.588000  0.554698  0.832052  0.554697  0.832055  0.000001  0.000003
0.600000  0.564642  0.825336  0.564641  0.825339  0.000001  0.000003
0.612000  0.574506  0.818501  0.574505  0.818504  0.000001  0.000003
0.624000  0.584286  0.811548  0.584285  0.811551  0.000001  0.000003
0.636000  0.593982  0.804478  0.593981  0.804481  0.000001  0.000003
0.648000  0.603593  0.797293  0.603592  0.797296  0.000001  0.000003
0.660000  0.613117  0.789992  0.613116  0.789996  0.000001  0.000003
0.672000  0.622552  0.782578  0.622552  0.782581  0.000001  0.000003
0.684000  0.631898  0.775051  0.631897  0.775055  0.000001  0.000003
0.696000  0.641153  0.767413  0.641152  0.767416  0.000001  0.000003
0.708000  0.650316  0.759664  0.650315  0.759667  0.000001  0.000003
0.720000  0.659385  0.751806  0.659384  0.751809  0.000001  0.000003
0.732000  0.668359  0.743839  0.668358  0.743842  0.000001  0.000003
0.744000  0.677236  0.735766  0.677236  0.735769  0.000001  0.000003
0.756000  0.686017  0.727586  0.686016  0.727589  0.000001  0.000003
0.768000  0.694698  0.719302  0.694697  0.719304  0.000001  0.000003
0.780000  0.703279  0.710914  0.703279  0.710916  0.000001  0.000003
0.792000  0.711760  0.702423  0.711759  0.702426  0.000001  0.000003
0.804000  0.720137  0.693832  0.720137  0.693834  0.000000  0.000003
0.816000  0.728411  0.685140  0.728411  0.685143  0.000000  0.000003
0.828000  0.736580  0.676350  0.736580  0.676353  0.000000  0.000003
0.840000  0.744643  0.667463  0.744643  0.667465  0.000000  0.000002
0.852000  0.752599  0.658479  0.752599  0.658482  0.000000  0.000002
0.864000  0.760446  0.649401  0.760446  0.649403  0.000000  0.000002
0.876000  0.768184  0.640229  0.768184  0.640231  0.000000  0.000002
0.888000  0.775811  0.630965  0.775811  0.630967  0.000000  0.000002
0.900000  0.783327  0.621610  0.783327  0.621612  0.000000  0.000002
0.912000  0.790730  0.612166  0.790729  0.612167  0.000000  0.000002
0.924000  0.798019  0.602633  0.798018  0.602635  0.000000  0.000002
0.936000  0.805192  0.593014  0.805192  0.593015  0.000000  0.000002
0.948000  0.812251  0.583309  0.812250  0.583310  0.000000  0.000002
0.960000  0.819192  0.573520  0.819191  0.573521  0.000000  0.000001
0.972000  0.826015  0.563649  0.826015  0.563650  0.000000  0.000001
0.984000  0.832719  0.553696  0.832719  0.553697  0.000000  0.000001
0.996000  0.839303  0.543664  0.839303  0.543665  0.000000  0.000001
1.008000  0.845766  0.533553  0.845766  0.533554  0.000000  0.000001
1.020000  0.852108  0.523366  0.852108  0.523367  0.000000  0.000001
1.032000  0.858327  0.513103  0.858327  0.513104  0.000000  0.000001
1.044000  0.864422  0.502767  0.864422  0.502767  0.000000  0.000001
1.056000  0.870393  0.492358  0.870393  0.492358  0.000000  0.000001
1.068000  0.876239  0.481878  0.876238  0.481878  0.000000  0.000001
1.080000  0.881958  0.471328  0.881958  0.471329  0.000000  0.000001
1.092000  0.887550  0.460711  0.887550  0.460712  0.000000  0.000001
1.104000  0.893015  0.450028  0.893015  0.450028  0.000000  0.000000
1.116000  0.898351  0.439279  0.898351  0.439280  0.000000  0.000000
1.128000  0.903557  0.428468  0.903557  0.428468  0.000000  0.000000
1.140000  0.908633  0.417595  0.908633  0.417595  0.000000  0.000000
1.152000  0.913579  0.406661  0.913579  0.406661  0.000000  0.000000
1.164000  0.918393  0.395669  0.918393  0.395669  0.000000  0.000000
1.176000  0.923075  0.384620  0.923075  0.384620  0.000000  0.000000
1.188000  0.927624  0.373516  0.927624  0.373516  0.000000  0.000000
1.200000  0.932039  0.362358  0.932039  0.362358  0.000000  0.000000
1.212000  0.936320  0.351147  0.936320  0.351147  0.000000  0.000000
1.224000  0.940466  0.339887  0.940466  0.339887  0.000000  0.000000
1.236000  0.944477  0.328577  0.944477  0.328577  0.000000  0.000000
1.248000  0.948352  0.317220  0.948352  0.317220  0.000000  0.000000
1.260000  0.952090  0.305817  0.952090  0.305817  0.000000  0.000000
1.272000  0.955692  0.294370  0.955691  0.294370  0.000000  0.000000
1.284000  0.959155  0.282881  0.959155  0.282881  0.000000  0.000000
1.296000  0.962480  0.271351  0.962480  0.271351  0.000000  0.000000
1.308000  0.965667  0.259782  0.965667  0.259782  0.000000  0.000000
1.320000  0.968715  0.248175  0.968715  0.248175  0.000000  0.000000
1.332000  0.971623  0.236533  0.971623  0.236533  0.000000  0.000000
1.344000  0.974392  0.224857  0.974392  0.224857  0.000000  0.000000
1.356000  0.977020  0.213148  0.977020  0.213148  0.000000  0.000000
1.368000  0.979507  0.201409  0.979507  0.201409  0.000000  0.000000
1.380000  0.981854  0.189641  0.981853  0.189641  0.000000  0.000000
1.392000  0.984058  0.177845  0.984058  0.177845  0.000000  0.000000
1.404000  0.986122  0.166024  0.986122  0.166024  0.000000  0.000000
1.416000  0.988043  0.154179  0.988043  0.154179  0.000000  0.000000
1.428000  0.989822  0.142312  0.989822  0.142311  0.000000  0.000000
1.440000  0.991458  0.130424  0.991458  0.130423  0.000000  0.000000
1.452000  0.992952  0.118517  0.992952  0.118517  0.000000  0.000000
1.464000  0.994303  0.106593  0.994303  0.106593  0.000000  0.000000
1.476000  0.995510  0.094654  0.995510  0.094654  0.000000  0.000000
1.488000  0.996574  0.082702  0.996574  0.082701  0.000000  0.000000
1.500000  0.997495  0.070737  0.997495  0.070737  0.000000  0.000000
1.512000  0.998272  0.058762  0.998272  0.058762  0.000000  0.000000
1.524000  0.998905  0.046779  0.998905  0.046779  0.000000  0.000000
1.536000  0.999395  0.034789  0.999395  0.034789  0.000000  0.000000
1.548000  0.999740  0.022794  0.999740  0.022794  0.000000  0.000000
1.560000  0.999942  0.010796  0.999942  0.010796  0.000000  0.000000
1.572000  0.999999  -0.001204  0.999999  -0.001204  0.000000  0.000000
1.584000  0.999913  -0.013203  0.999913  -0.013203  0.000000  0.000000
1.596000  0.999682  -0.025201  0.999682  -0.025201  0.000000  0.000000
1.608000  0.999308  -0.037195  0.999308  -0.037195  0.000000  0.000000
1.620000  0.998790  -0.049184  0.998790  -0.049184  0.000000  0.000000
1.632000  0.998128  -0.061165  0.998128  -0.061166  0.000000  0.000000
1.644000  0.997322  -0.073138  0.997322  -0.073138  0.000000  0.000000
1.656000  0.996372  -0.085101  0.996372  -0.085101  0.000000  0.000000
1.668000  0.995279  -0.097051  0.995279  -0.097051  0.000000  0.000000
1.680000  0.994043  -0.108987  0.994043  -0.108987  0.000000  0.000000
1.692000  0.992664  -0.120907  0.992664  -0.120907  0.000000  0.000000
1.704000  0.991142  -0.132810  0.991141  -0.132810  0.000000  0.000000
1.716000  0.989476  -0.144694  0.989476  -0.144694  0.000000  0.000000
1.728000  0.987669  -0.156557  0.987669  -0.156557  0.000000  0.000000
1.740000  0.985719  -0.168397  0.985719  -0.168397  0.000000  0.000000
1.752000  0.983627  -0.180214  0.983627  -0.180214  0.000000  0.000000
1.764000  0.981394  -0.192004  0.981394  -0.192004  0.000000  0.000000
1.776000  0.979020  -0.203767  0.979019  -0.203766  0.000000  0.000000
1.788000  0.976504  -0.215500  0.976504  -0.215500  0.000000  0.000000
1.800000  0.973848  -0.227202  0.973848  -0.227202  0.000000  0.000000
1.812000  0.971051  -0.238872  0.971051  -0.238871  0.000000  0.000000
1.824000  0.968115  -0.250507  0.968115  -0.250507  0.000000  0.000000
1.836000  0.965039  -0.262106  0.965039  -0.262106  0.000000  0.000000
1.848000  0.961824  -0.273667  0.961824  -0.273667  0.000000  0.000000
1.860000  0.958471  -0.285189  0.958471  -0.285189  0.000000  0.000000
1.872000  0.954980  -0.296670  0.954980  -0.296670  0.000000  0.000000
1.884000  0.951351  -0.308108  0.951351  -0.308108  0.000000  0.000000
1.896000  0.947586  -0.319502  0.947586  -0.319502  0.000000  0.000000
1.908000  0.943684  -0.330850  0.943683  -0.330849  0.000000  0.000000
1.920000  0.939645  -0.342150  0.939645  -0.342149  0.000000  0.000000
1.932000  0.935472  -0.353400  0.935472  -0.353400  0.000000  0.000000
1.944000  0.931164  -0.364600  0.931164  -0.364600  0.000000  0.000000
1.956000  0.926722  -0.375748  0.926722  -0.375748  0.000000  0.000000
1.968000  0.922146  -0.386841  0.922146  -0.386841  0.000000  0.000000
1.980000  0.917438  -0.397879  0.917438  -0.397879  0.000000  0.000000
1.992000  0.912597  -0.408859  0.912597  -0.408859  0.000000  0.000000
2.004000  0.907626  -0.419781  0.907626  -0.419780  0.000000  0.000000
2.016000  0.902523  -0.430642  0.902523  -0.430641  0.000000  0.000000
2.028000  0.897290  -0.441441  0.897290  -0.441440  0.000000  0.000000
2.040000  0.891929  -0.452176  0.891929  -0.452176  0.000000  0.000000
2.052000  0.886438  -0.462846  0.886438  -0.462846  0.000000  0.000000
2.064000  0.880821  -0.473450  0.880821  -0.473450  0.000000  0.000000
2.076000  0.875076  -0.483986  0.875076  -0.483985  0.000000  0.000000
2.088000  0.869205  -0.494451  0.869205  -0.494451  0.000000  0.000000
2.100000  0.863209  -0.504846  0.863209  -0.504846  0.000000  0.000000
2.112000  0.857089  -0.515168  0.857089  -0.515168  0.000000  0.000000
2.124000  0.850846  -0.525416  0.850846  -0.525416  0.000000  0.000000
2.136000  0.844480  -0.535588  0.844480  -0.535588  0.000000  0.000000
2.148000  0.837992  -0.545683  0.837992  -0.545683  0.000000  0.000000
2.160000  0.831383  -0.555699  0.831383  -0.555699  0.000000  0.000000
2.172000  0.824655  -0.565635  0.824655  -0.565635  0.000000  0.000000
2.184000  0.817809  -0.575490  0.817809  -0.575490  0.000000  0.000000
2.196000  0.810844  -0.585262  0.810844  -0.585262  0.000000  0.000000
2.208000  0.803763  -0.594950  0.803763  -0.594950  0.000000  0.000000
2.220000  0.796565  -0.604552  0.796565  -0.604552  0.000000  0.000000
2.232000  0.789254  -0.614067  0.789254  -0.614067  0.000000  0.000000
2.244000  0.781828  -0.623494  0.781828  -0.623494  0.000000  0.000000
2.256000  0.774290  -0.632831  0.774290  -0.632831  0.000000  0.000000
2.268000  0.766641  -0.642076  0.766641  -0.642076  0.000000  0.000000
2.280000  0.758881  -0.651230  0.758881  -0.651230  0.000000  0.000000
2.292000  0.751012  -0.660289  0.751011  -0.660289  0.000000  0.000000
2.304000  0.743034  -0.669254  0.743034  -0.669253  0.000000  0.000000
2.316000  0.734950  -0.678122  0.734950  -0.678121  0.000000  0.000000
2.328000  0.726760  -0.686892  0.726760  -0.686892  0.000000  0.000000
2.340000  0.718465  -0.695563  0.718465  -0.695563  0.000000  0.000000
2.352000  0.710067  -0.704135  0.710067  -0.704135  0.000000  0.000000
2.364000  0.701566  -0.712605  0.701566  -0.712604  0.000000  0.000000
2.376000  0.692964  -0.720972  0.692964  -0.720972  0.000000  0.000000
2.388000  0.684263  -0.729235  0.684263  -0.729235  0.000000  0.000000
2.400000  0.675463  -0.737394  0.675463  -0.737394  0.000000  0.000000
2.412000  0.666566  -0.745446  0.666566  -0.745446  0.000000  0.000000
2.424000  0.657573  -0.753391  0.657573  -0.753391  0.000000  0.000000
2.436000  0.648485  -0.761227  0.648485  -0.761227  0.000000  0.000000
2.448000  0.639304  -0.768954  0.639304  -0.768954  0.000000  0.000000
2.460000  0.630031  -0.776570  0.630031  -0.776570  0.000000  0.000000
2.472000  0.620667  -0.784075  0.620667  -0.784075  0.000000  0.000000
2.484000  0.611213  -0.791466  0.611213  -0.791466  0.000000  0.000000
2.496000  0.601672  -0.798743  0.601672  -0.798743  0.000000  0.000000
2.508000  0.592044  -0.805906  0.592044  -0.805906  0.000000  0.000000
2.520000  0.582331  -0.812952  0.582331  -0.812952  0.000000  0.000000
2.532000  0.572534  -0.819881  0.572534  -0.819881  0.000000  0.000000
2.544000  0.562654  -0.826693  0.562654  -0.826693  0.000000  0.000000
2.556000  0.552693  -0.833385  0.552693  -0.833385  0.000000  0.000000
2.568000  0.542653  -0.839957  0.542653  -0.839957  0.000000  0.000000
2.580000  0.532535  -0.846408  0.532535  -0.846408  0.000000  0.000000
2.592000  0.522340  -0.852737  0.522340  -0.852737  0.000000  0.000000
2.604000  0.512070  -0.858944  0.512070  -0.858944  0.000000  0.000000
2.616000  0.501726  -0.865027  0.501726  -0.865027  0.000000  0.000000
2.628000  0.491310  -0.870985  0.491310  -0.870985  0.000000  0.000000
2.640000  0.480823  -0.876818  0.480823  -0.876818  0.000000  0.000000
2.652000  0.470266  -0.882524  0.470266  -0.882525  0.000000  0.000000
2.664000  0.459643  -0.888104  0.459643  -0.888104  0.000000  0.000000
2.676000  0.448952  -0.893556  0.448952  -0.893556  0.000000  0.000000
2.688000  0.438198  -0.898879  0.438198  -0.898879  0.000000  0.000000
2.700000  0.427380  -0.904072  0.427380  -0.904072  0.000000  0.000000
2.712000  0.416501  -0.909135  0.416500  -0.909136  0.000000  0.000000
2.724000  0.405561  -0.914068  0.405561  -0.914068  0.000000  0.000000
2.736000  0.394563  -0.918869  0.394563  -0.918869  0.000000  0.000000
2.748000  0.383509  -0.923537  0.383509  -0.923537  0.000000  0.000000
2.760000  0.372399  -0.928073  0.372399  -0.928073  0.000000  0.000000
2.772000  0.361236  -0.932475  0.361236  -0.932475  0.000000  0.000000
2.784000  0.350020  -0.936742  0.350020  -0.936742  0.000000  0.000000
2.796000  0.338754  -0.940875  0.338754  -0.940875  0.000000  0.000000
2.808000  0.327440  -0.944872  0.327440  -0.944872  0.000000  0.000000
2.820000  0.316078  -0.948733  0.316078  -0.948733  0.000000  0.000000
2.832000  0.304671  -0.952458  0.304671  -0.952458  0.000000  0.000000
2.844000  0.293220  -0.956045  0.293220  -0.956045  0.000000  0.000000
2.856000  0.281726  -0.959495  0.281726  -0.959495  0.000000  0.000000
2.868000  0.270192  -0.962806  0.270192  -0.962806  0.000000  0.000000
2.880000  0.258619  -0.965979  0.258619  -0.965979  0.000000  0.000000
2.892000  0.247009  -0.969013  0.247009  -0.969013  0.000000  0.000000
2.904000  0.235364  -0.971907  0.235364  -0.971907  0.000000  0.000000
2.916000  0.223684  -0.974662  0.223684  -0.974662  0.000000  0.000000
2.928000  0.211972  -0.977276  0.211972  -0.977276  0.000000  0.000000
2.940000  0.200230  -0.979749  0.200230  -0.979749  0.000000  0.000000
2.952000  0.188459  -0.982081  0.188459  -0.982081  0.000000  0.000000
2.964000  0.176661  -0.984272  0.176661  -0.984272  0.000000  0.000000
2.976000  0.164837  -0.986321  0.164837  -0.986321  0.000000  0.000000
2.988000  0.152989  -0.988228  0.152989  -0.988228  0.000000  0.000000
3.000000  0.141120  -0.989992  0.141120  -0.989992  0.000000  0.000000
3.012000  0.129230  -0.991615  0.129230  -0.991615  0.000000  0.000000
3.024000  0.117322  -0.993094  0.117322  -0.993094  0.000000  0.000000
3.036000  0.105397  -0.994430  0.105397  -0.994430  0.000000  0.000000
3.048000  0.093456  -0.995623  0.093456  -0.995623  0.000000  0.000000
3.060000  0.081502  -0.996673  0.081502  -0.996673  0.000000  0.000000
3.072000  0.069536  -0.997579  0.069536  -0.997579  0.000000  0.000000
3.084000  0.057561  -0.998342  0.057561  -0.998342  0.000000  0.000000
3.096000  0.045577  -0.998961  0.045577  -0.998961  0.000000  0.000000
3.108000  0.033586  -0.999436  0.033586  -0.999436  0.000000  0.000000
3.120000  0.021591  -0.999767  0.021591  -0.999767  0.000000  0.000000
3.132000  0.009593  -0.999954  0.009592  -0.999954  0.000000  0.000000
3.144000  -0.002407  -0.999997  -0.002407  -0.999997  0.000000  0.000000
3.156000  -0.014407  -0.999896  -0.014407  -0.999896  0.000000  0.000000
3.168000  -0.026404  -0.999651  -0.026404  -0.999651  0.000000  0.000000
3.180000  -0.038398  -0.999263  -0.038398  -0.999262  0.000000  0.000000
3.192000  -0.050386  -0.998730  -0.050386  -0.998730  0.000000  0.000000
3.204000  -0.062367  -0.998053  -0.062367  -0.998053  0.000000  0.000000
3.216000  -0.074339  -0.997233  -0.074339  -0.997233  0.000000  0.000000
3.228000  -0.086300  -0.996269  -0.086300  -0.996269  0.000000  0.000000
3.240000  -0.098249  -0.995162  -0.098249  -0.995162  0.000000  0.000000
3.252000  -0.110183  -0.993911  -0.110183  -0.993911  0.000000  0.000000
3.264000  -0.122102  -0.992518  -0.122102  -0.992518  0.000000  0.000000
3.276000  -0.134003  -0.990981  -0.134003  -0.990981  0.000000  0.000000
3.288000  -0.145885  -0.989302  -0.145885  -0.989302  0.000000  0.000000
3.300000  -0.157746  -0.987480  -0.157746  -0.987480  0.000000  0.000000
3.312000  -0.169584  -0.985516  -0.169584  -0.985516  0.000000  0.000000
3.324000  -0.181398  -0.983410  -0.181398  -0.983410  0.000000  0.000000
3.336000  -0.193185  -0.981162  -0.193185  -0.981162  0.000000  0.000000
3.348000  -0.204945  -0.978774  -0.204945  -0.978773  0.000000  0.000000
3.360000  -0.216675  -0.976244  -0.216675  -0.976244  0.000000  0.000000
3.372000  -0.228374  -0.973573  -0.228374  -0.973573  0.000000  0.000000
3.384000  -0.240040  -0.970763  -0.240040  -0.970763  0.000000  0.000000
3.396000  -0.251672  -0.967813  -0.251672  -0.967813  0.000000  0.000000
3.408000  -0.263267  -0.964723  -0.263267  -0.964723  0.000000  0.000000
3.420000  -0.274825  -0.961494  -0.274825  -0.961494  0.000000  0.000000
3.432000  -0.286343  -0.958127  -0.286343  -0.958127  0.000000  0.000000
3.444000  -0.297819  -0.954622  -0.297819  -0.954622  0.000000  0.000000
3.456000  -0.309253  -0.950980  -0.309253  -0.950980  0.000000  0.000000
3.468000  -0.320642  -0.947200  -0.320642  -0.947200  0.000000  0.000000
3.480000  -0.331985  -0.943285  -0.331985  -0.943285  0.000000  0.000000
3.492000  -0.343280  -0.939233  -0.343280  -0.939233  0.000000  0.000000
3.504000  -0.354526  -0.935046  -0.354526  -0.935046  0.000000  0.000000
3.516000  -0.365721  -0.930725  -0.365721  -0.930725  0.000000  0.000000
3.528000  -0.376863  -0.926269  -0.376863  -0.926269  0.000000  0.000000
3.540000  -0.387951  -0.921680  -0.387951  -0.921680  0.000000  0.000000
3.552000  -0.398983  -0.916958  -0.398983  -0.916958  0.000000  0.000000
3.564000  -0.409957  -0.912105  -0.409957  -0.912105  0.000000  0.000000
3.576000  -0.420873  -0.907120  -0.420873  -0.907120  0.000000  0.000000
3.588000  -0.431728  -0.902004  -0.431728  -0.902004  0.000000  0.000000
3.600000  -0.442520  -0.896758  -0.442520  -0.896758  0.000000  0.000000
3.612000  -0.453249  -0.891384  -0.453249  -0.891384  0.000000  0.000000
3.624000  -0.463913  -0.885881  -0.463913  -0.885881  0.000000  0.000000
3.636000  -0.474510  -0.880250  -0.474510  -0.880250  0.000000  0.000000
3.648000  -0.485039  -0.874493  -0.485039  -0.874493  0.000000  0.000000
3.660000  -0.495497  -0.868609  -0.495497  -0.868609  0.000000  0.000000
3.672000  -0.505885  -0.862601  -0.505885  -0.862601  0.000000  0.000000
3.684000  -0.516199  -0.856468  -0.516199  -0.856469  0.000000  0.000000
3.696000  -0.526440  -0.850213  -0.526440  -0.850213  0.000000  0.000000
3.708000  -0.536604  -0.843834  -0.536604  -0.843834  0.000000  0.000000
3.720000  -0.546691  -0.837334  -0.546691  -0.837334  0.000000  0.000000
3.732000  -0.556699  -0.830714  -0.556699  -0.830714  0.000000  0.000000
3.744000  -0.566628  -0.823974  -0.566628  -0.823974  0.000000  0.000000
3.756000  -0.576474  -0.817115  -0.576474  -0.817115  0.000000  0.000000
3.768000  -0.586238  -0.810139  -0.586238  -0.810139  0.000000  0.000000
3.780000  -0.595917  -0.803046  -0.595917  -0.803046  0.000000  0.000000
3.792000  -0.605511  -0.795837  -0.605511  -0.795837  0.000000  0.000000
3.804000  -0.615017  -0.788514  -0.615017  -0.788514  0.000000  0.000000
3.816000  -0.624435  -0.781077  -0.624435  -0.781077  0.000000  0.000000
3.828000  -0.633762  -0.773528  -0.633762  -0.773528  0.000000  0.000000
3.840000  -0.642999  -0.765867  -0.642999  -0.765867  0.000000  0.000000
3.852000  -0.652143  -0.758096  -0.652143  -0.758096  0.000000  0.000000
3.864000  -0.661193  -0.750216  -0.661193  -0.750216  0.000000  0.000000
3.876000  -0.670147  -0.742228  -0.670147  -0.742228  0.000000  0.000000
3.888000  -0.679006  -0.734133  -0.679006  -0.734133  0.000000  0.000000
3.900000  -0.687766  -0.725932  -0.687766  -0.725932  0.000000  0.000000
3.912000  -0.696428  -0.717627  -0.696428  -0.717627  0.000000  0.000000
3.924000  -0.704989  -0.709218  -0.704989  -0.709218  0.000000  0.000000
3.936000  -0.713448  -0.700708  -0.713448  -0.700708  0.000000  0.000000
3.948000  -0.721805  -0.692096  -0.721805  -0.692096  0.000000  0.000000
3.960000  -0.730058  -0.683385  -0.730058  -0.683385  0.000000  0.000000
3.972000  -0.738206  -0.674575  -0.738206  -0.674575  0.000000  0.000000
3.984000  -0.746248  -0.665668  -0.746248  -0.665668  0.000000  0.000000
3.996000  -0.754182  -0.656666  -0.754182  -0.656666  0.000000  0.000000
4.008000  -0.762007  -0.647568  -0.762007  -0.647568  0.000000  0.000000
4.020000  -0.769723  -0.638378  -0.769723  -0.638378  0.000000  0.000000
4.032000  -0.777328  -0.629095  -0.777328  -0.629095  0.000000  0.000000
4.044000  -0.784821  -0.619722  -0.784821  -0.619722  0.000000  0.000000
4.056000  -0.792201  -0.610260  -0.792201  -0.610260  0.000000  0.000000
4.068000  -0.799467  -0.600710  -0.799467  -0.600710  0.000000  0.000000
4.080000  -0.806618  -0.591073  -0.806618  -0.591073  0.000000  0.000000
4.092000  -0.813652  -0.581352  -0.813652  -0.581352  0.000000  0.000000
4.104000  -0.820570  -0.571546  -0.820570  -0.571546  0.000000  0.000000
4.116000  -0.827369  -0.561658  -0.827369  -0.561659  0.000000  0.000000
4.128000  -0.834049  -0.551690  -0.834049  -0.551690  0.000000  0.000000
4.140000  -0.840609  -0.541642  -0.840609  -0.541642  0.000000  0.000000
4.152000  -0.847048  -0.531516  -0.847048  -0.531516  0.000000  0.000000
4.164000  -0.853365  -0.521313  -0.853365  -0.521313  0.000000  0.000000
4.176000  -0.859560  -0.511035  -0.859560  -0.511035  0.000000  0.000000
4.188000  -0.865630  -0.500684  -0.865630  -0.500684  0.000000  0.000000
4.200000  -0.871576  -0.490261  -0.871576  -0.490261  0.000000  0.000000
4.212000  -0.877396  -0.479767  -0.877396  -0.479767  0.000000  0.000000
4.224000  -0.883090  -0.469204  -0.883090  -0.469204  0.000000  0.000000
4.236000  -0.888657  -0.458573  -0.888657  -0.458573  0.000000  0.000000
4.248000  -0.894095  -0.447877  -0.894095  -0.447877  0.000000  0.000000
4.260000  -0.899405  -0.437115  -0.899405  -0.437115  0.000000  0.000000
4.272000  -0.904586  -0.426291  -0.904586  -0.426291  0.000000  0.000000
4.284000  -0.909636  -0.415406  -0.909636  -0.415406  0.000000  0.000000
4.296000  -0.914555  -0.404461  -0.914555  -0.404461  0.000000  0.000000
4.308000  -0.919343  -0.393457  -0.919343  -0.393457  0.000000  0.000000
4.320000  -0.923998  -0.382397  -0.923998  -0.382397  0.000000  0.000000
4.332000  -0.928520  -0.371282  -0.928520  -0.371282  0.000000  0.000000
4.344000  -0.932909  -0.360113  -0.932909  -0.360113  0.000000  0.000000
4.356000  -0.937163  -0.348892  -0.937163  -0.348892  0.000000  0.000000
4.368000  -0.941282  -0.337622  -0.941282  -0.337622  0.000000  0.000000
4.380000  -0.945266  -0.326302  -0.945266  -0.326302  0.000000  0.000000
4.392000  -0.949113  -0.314936  -0.949113  -0.314936  0.000000  0.000000
4.404000  -0.952824  -0.303524  -0.952824  -0.303524  0.000000  0.000000
4.416000  -0.956397  -0.292069  -0.956397  -0.292068  0.000000  0.000000
4.428000  -0.959833  -0.280571  -0.959833  -0.280571  0.000000  0.000000
4.440000  -0.963131  -0.269033  -0.963131  -0.269033  0.000000  0.000000
4.452000  -0.966290  -0.257456  -0.966290  -0.257456  0.000000  0.000000
4.464000  -0.969310  -0.245843  -0.969310  -0.245843  0.000000  0.000000
4.476000  -0.972190  -0.234194  -0.972190  -0.234194  0.000000  0.000000
4.488000  -0.974930  -0.222511  -0.974930  -0.222511  0.000000  0.000000
4.500000  -0.977530  -0.210796  -0.977530  -0.210796  0.000000  0.000000
4.512000  -0.979989  -0.199051  -0.979989  -0.199050  0.000000  0.000000
4.524000  -0.982307  -0.187277  -0.982307  -0.187277  0.000000  0.000000
4.536000  -0.984484  -0.175476  -0.984484  -0.175476  0.000000  0.000000
4.548000  -0.986519  -0.163650  -0.986519  -0.163650  0.000000  0.000000
4.560000  -0.988411  -0.151800  -0.988411  -0.151800  0.000000  0.000000
4.572000  -0.990162  -0.139928  -0.990162  -0.139928  0.000000  0.000000
4.584000  -0.991769  -0.128037  -0.991769  -0.128037  0.000000  0.000000
4.596000  -0.993234  -0.116126  -0.993234  -0.116126  0.000000  0.000000
4.608000  -0.994556  -0.104199  -0.994556  -0.104199  0.000000  0.000000
4.620000  -0.995735  -0.092258  -0.995735  -0.092258  0.000000  0.000000
4.632000  -0.996771  -0.080302  -0.996771  -0.080302  0.000000  0.000000
4.644000  -0.997662  -0.068336  -0.997662  -0.068336  0.000000  0.000000
4.656000  -0.998411  -0.056359  -0.998411  -0.056359  0.000000  0.000000
4.668000  -0.999015  -0.044374  -0.999015  -0.044374  0.000000  0.000000
4.680000  -0.999476  -0.032383  -0.999476  -0.032383  0.000000  0.000000
4.692000  -0.999792  -0.020388  -0.999792  -0.020388  0.000000  0.000000
4.704000  -0.999965  -0.008389  -0.999965  -0.008389  0.000000  0.000000
4.716000  -0.999993  0.003611  -0.999993  0.003611  0.000000  0.000000
4.728000  -0.999878  0.015610  -0.999878  0.015610  0.000000  0.000000
4.740000  -0.999619  0.027608  -0.999619  0.027608  0.000000  0.000000
4.752000  -0.999216  0.039601  -0.999216  0.039601  0.000000  0.000000
4.764000  -0.998668  0.051588  -0.998668  0.051588  0.000000  0.000000
4.776000  -0.997978  0.063568  -0.997978  0.063568  0.000000  0.000000
4.788000  -0.997143  0.075539  -0.997143  0.075539  0.000000  0.000000
4.800000  -0.996165  0.087499  -0.996165  0.087499  0.000000  0.000000
4.812000  -0.995043  0.099446  -0.995043  0.099446  0.000000  0.000000
4.824000  -0.993778  0.111379  -0.993778  0.111379  0.000000  0.000000
4.836000  -0.992370  0.123296  -0.992370  0.123296  0.000000  0.000000
4.848000  -0.990819  0.135196  -0.990819  0.135196  0.000000  0.000000
4.860000  -0.989125  0.147076  -0.989125  0.147076  0.000000  0.000000
4.872000  -0.987289  0.158934  -0.987289  0.158934  0.000000  0.000000
4.884000  -0.985311  0.170770  -0.985311  0.170770  0.000000  0.000000
4.896000  -0.983191  0.182581  -0.983191  0.182581  0.000000  0.000000
4.908000  -0.980929  0.194366  -0.980929  0.194366  0.000000  0.000000
4.920000  -0.978526  0.206123  -0.978526  0.206123  0.000000  0.000000
4.932000  -0.975982  0.217850  -0.975982  0.217850  0.000000  0.000000
4.944000  -0.973298  0.229546  -0.973298  0.229546  0.000000  0.000000
4.956000  -0.970473  0.241209  -0.970473  0.241209  0.000000  0.000000
4.968000  -0.967509  0.252837  -0.967509  0.252837  0.000000  0.000000
4.980000  -0.964405  0.264428  -0.964405  0.264428  0.000000  0.000000
4.992000  -0.961163  0.275982  -0.961163  0.275982  0.000000  0.000000
5.004000  -0.957782  0.287496  -0.957782  0.287496  0.000000  0.000000
5.016000  -0.954263  0.298968  -0.954263  0.298968  0.000000  0.000000
5.028000  -0.950607  0.310397  -0.950607  0.310397  0.000000  0.000000
5.040000  -0.946814  0.321782  -0.946814  0.321782  0.000000  0.000000
5.052000  -0.942884  0.333120  -0.942884  0.333120  0.000000  0.000000
5.064000  -0.938819  0.344411  -0.938819  0.344411  0.000000  0.000000
5.076000  -0.934619  0.355651  -0.934619  0.355652  0.000000  0.000000
5.088000  -0.930284  0.366841  -0.930284  0.366841  0.000000  0.000000
5.100000  -0.925815  0.377978  -0.925815  0.377978  0.000000  0.000000
5.112000  -0.921212  0.389060  -0.921212  0.389060  0.000000  0.000000
5.124000  -0.916477  0.400086  -0.916477  0.400087  0.000000  0.000000
5.136000  -0.911611  0.411055  -0.911611  0.411055  0.000000  0.000000
5.148000  -0.906612  0.421964  -0.906612  0.421965  0.000000  0.000000
5.160000  -0.901484  0.432813  -0.901484  0.432813  0.000000  0.000000
5.172000  -0.896225  0.443600  -0.896225  0.443600  0.000000  0.000000
5.184000  -0.890838  0.454322  -0.890837  0.454322  0.000000  0.000000
5.196000  -0.885322  0.464979  -0.885322  0.464979  0.000000  0.000000
5.208000  -0.879678  0.475569  -0.879678  0.475570  0.000000  0.000000
5.220000  -0.873908  0.486091  -0.873908  0.486091  0.000000  0.000000
5.232000  -0.868012  0.496543  -0.868012  0.496543  0.000000  0.000000
5.244000  -0.861992  0.506923  -0.861991  0.506923  0.000000  0.000000
5.256000  -0.855847  0.517230  -0.855846  0.517230  0.000000  0.000000
5.268000  -0.849578  0.527463  -0.849578  0.527463  0.000000  0.000001
5.280000  -0.843188  0.537619  -0.843188  0.537620  0.000000  0.000001
5.292000  -0.836676  0.547699  -0.836676  0.547699  0.000000  0.000001
5.304000  -0.830043  0.557699  -0.830043  0.557700  0.000000  0.000001
5.316000  -0.823291  0.567619  -0.823291  0.567620  0.000000  0.000001
5.328000  -0.816421  0.577457  -0.816421  0.577458  0.000000  0.000001
5.340000  -0.809433  0.587213  -0.809433  0.587213  0.000000  0.000001
5.352000  -0.802328  0.596883  -0.802328  0.596884  0.000000  0.000001
5.364000  -0.795108  0.606468  -0.795108  0.606469  0.000000  0.000001
5.376000  -0.787773  0.615966  -0.787773  0.615966  0.000000  0.000001
5.388000  -0.780325  0.625374  -0.780325  0.625375  0.000000  0.000001
5.400000  -0.772764  0.634693  -0.772764  0.634694  0.000000  0.000001
5.412000  -0.765093  0.643920  -0.765093  0.643921  0.000000  0.000001
5.424000  -0.757311  0.653055  -0.757311  0.653055  0.000000  0.000001
5.436000  -0.749420  0.662095  -0.749420  0.662096  0.000000  0.000001
5.448000  -0.741421  0.671040  -0.741421  0.671041  0.000000  0.000001
5.460000  -0.733315  0.679889  -0.733315  0.679890  0.000000  0.000001
5.472000  -0.725104  0.688639  -0.725104  0.688640  0.000000  0.000001
5.484000  -0.716788  0.697291  -0.716788  0.697292  0.000000  0.000001
5.496000  -0.708369  0.705842  -0.708369  0.705843  0.000000  0.000001
5.508000  -0.699848  0.714291  -0.699848  0.714292  0.000000  0.000001
5.520000  -0.691227  0.722638  -0.691227  0.722639  0.000000  0.000001
5.532000  -0.682506  0.730880  -0.682505  0.730881  0.000000  0.000001
5.544000  -0.673686  0.739018  -0.673686  0.739018  0.000000  0.000001
5.556000  -0.664770  0.747048  -0.664769  0.747049  0.000000  0.000000
5.568000  -0.655757  0.754972  -0.655757  0.754972  0.000000  0.000000
5.580000  -0.646651  0.762786  -0.646650  0.762787  0.000000  0.000000
5.592000  -0.637451  0.770491  -0.637451  0.770491  0.000000  0.000000
5.604000  -0.628159  0.778085  -0.628159  0.778085  0.000000  0.000000
5.616000  -0.618777  0.785566  -0.618777  0.785567  0.000000  0.000000
5.628000  -0.609306  0.792935  -0.609306  0.792935  0.000000  0.000000
5.640000  -0.599747  0.800189  -0.599747  0.800190  0.000000  0.000000
5.652000  -0.590102  0.807329  -0.590102  0.807329  0.000000  0.000000
5.664000  -0.580372  0.814352  -0.580372  0.814352  0.000000  0.000000
5.676000  -0.570558  0.821257  -0.570558  0.821257  0.000000  0.000000
5.688000  -0.560662  0.828045  -0.560662  0.828044  0.000000  0.000000
5.700000  -0.550686  0.834713  -0.550685  0.834713  0.000000  0.000000
5.712000  -0.540630  0.841261  -0.540629  0.841260  0.000000  0.000000
5.724000  -0.530496  0.847688  -0.530495  0.847687  0.000000  0.000000
5.736000  -0.520286  0.853992  -0.520285  0.853992  0.000000  0.000001
5.748000  -0.510000  0.860174  -0.510000  0.860174  0.000000  0.000001
5.760000  -0.499642  0.866232  -0.499642  0.866231  0.000000  0.000001
5.772000  -0.489211  0.872165  -0.489211  0.872164  0.000000  0.000001
5.784000  -0.478710  0.877973  -0.478710  0.877972  0.000000  0.000001
5.796000  -0.468141  0.883654  -0.468140  0.883653  0.000000  0.000001
5.808000  -0.457503  0.889208  -0.457503  0.889207  0.000000  0.000001
5.820000  -0.446800  0.894634  -0.446800  0.894633  0.000000  0.000001
5.832000  -0.436033  0.899931  -0.436032  0.899930  0.000000  0.000001
5.844000  -0.425202  0.905098  -0.425202  0.905097  0.000000  0.000001
5.856000  -0.414311  0.910136  -0.414311  0.910134  0.000000  0.000001
5.868000  -0.403360  0.915042  -0.403359  0.915040  0.000000  0.000001
5.880000  -0.392350  0.919816  -0.392350  0.919815  0.000000  0.000001
5.892000  -0.381284  0.924458  -0.381284  0.924456  0.000000  0.000001
5.904000  -0.370164  0.928967  -0.370164  0.928965  0.000000  0.000001
5.916000  -0.358990  0.933341  -0.358990  0.933340  0.000000  0.000001
5.928000  -0.347764  0.937582  -0.347764  0.937581  0.000000  0.000001
5.940000  -0.336488  0.941688  -0.336488  0.941687  0.000000  0.000001
5.952000  -0.325164  0.945658  -0.325164  0.945657  0.000000  0.000001
5.964000  -0.313793  0.949491  -0.313793  0.949491  0.000000  0.000001
5.976000  -0.302377  0.953188  -0.302377  0.953188  0.000000  0.000001
5.988000  -0.290917  0.956748  -0.290917  0.956748  0.000000  0.000000
6.000000  -0.279415  0.960170  -0.279415  0.960170  0.000000  0.000000

